libbluetooth_gnss_service/build/intermediates/manifest_merge_blame_file/debug/manifest-merger-blame-debug-report.txt
1<?xml version="1.0" encoding="utf-8"?>
2<manifest xmlns:android="http://schemas.android.com/apk/res/android"
3    xmlns:tools="http://schemas.android.com/tools"
4    package="com.clearevo.libbluetooth_gnss_service" >
5
6    <uses-sdk android:minSdkVersion="21" />
6-->src/main/AndroidManifest.xml
7
8    <uses-permission android:name="android.permission.BLUETOOTH" />
8-->src/main/AndroidManifest.xml:5:3-66
8-->src/main/AndroidManifest.xml:5:20-63
9    <uses-permission android:name="android.permission.BLUETOOTH_ADMIN" />
9-->src/main/AndroidManifest.xml:6:3-72
9-->src/main/AndroidManifest.xml:6:20-69
10    <uses-permission android:name="android.permission.ACCESS_COARSE_LOCATION" />
10-->src/main/AndroidManifest.xml:7:3-79
10-->src/main/AndroidManifest.xml:7:20-76
11  >
12    <application
12-->src/main/AndroidManifest.xml:9:3-15:17
13        android:allowBackup="true"
13-->src/main/AndroidManifest.xml:10:5-31
14        android:label="@string/app_name"
14-->src/main/AndroidManifest.xml:11:5-37
15        android:supportsRtl="true"
15-->src/main/AndroidManifest.xml:12:5-31
16        tools:replace="android:label" >
16-->src/main/AndroidManifest.xml:13:5-34
17        <service android:name="com.clearevo.libbluetooth_gnss_service.bluetooth_gnss_service" />
17-->src/main/AndroidManifest.xml:14:5-93
17-->src/main/AndroidManifest.xml:14:14-90
18    </application>
19
20</manifest>